# JRE version: OpenJDK Runtime Environment (17.0.7) (build 17.0.7+0-b2043.56-10550314)
# Java VM: OpenJDK 64-Bit Server VM (17.0.7+0-b2043.56-10550314, mixed mode, tiered, compressed oops, compressed class ptrs, g1 gc, windows-amd64)
GC Precious Log:
 CPUs: 8 total, 8 available
 Memory: 16110M
 Large Page Support: Disabled
 NUMA Support: Disabled
 Compressed Oops: Enabled (32-bit)
 Heap Region Size: 1M
 Heap Min Capacity: 8M
 Heap Initial Capacity: 252M
 Heap Max Capacity: 2G
 Pre-touch: Disabled
 Parallel Workers: 8
 Concurrent Workers: 2
 Concurrent Refinement Workers: 8
 Periodic GC: Disabled
Heap:
 garbage-first heap   total 317440K, used 253074K [0x0000000080000000, 0x0000000100000000)
  region size 1024K, 119 young (121856K), 5 survivors (5120K)
 Metaspace       used 138318K, committed 139264K, reserved 1179648K
  class space    used 19291K, committed 19776K, reserved 1048576K
GC Heap History (20 events):
Event: 12.825 GC heap before
{Heap before GC invocations=34 (full 0):
 garbage-first heap   total 158720K, used 118773K [0x0000000080000000, 0x0000000100000000)
  region size 1024K, 35 young (35840K), 3 survivors (3072K)
 Metaspace       used 87419K, committed 88064K, reserved 1179648K
  class space    used 12110K, committed 12416K, reserved 1048576K
}
Event: 12.829 GC heap after
{Heap after GC invocations=35 (full 0):
 garbage-first heap   total 158720K, used 89727K [0x0000000080000000, 0x0000000100000000)
  region size 1024K, 5 young (5120K), 5 survivors (5120K)
 Metaspace       used 87419K, committed 88064K, reserved 1179648K
  class space    used 12110K, committed 12416K, reserved 1048576K
}
Event: 12.845 GC heap before
{Heap before GC invocations=35 (full 0):
 garbage-first heap   total 158720K, used 90751K [0x0000000080000000, 0x0000000100000000)
  region size 1024K, 7 young (7168K), 5 survivors (5120K)
 Metaspace       used 87432K, committed 88064K, reserved 1179648K
  class space    used 12110K, committed 12416K, reserved 1048576K
}
Event: 12.849 GC heap after
{Heap after GC invocations=36 (full 0):
 garbage-first heap   total 158720K, used 90054K [0x0000000080000000, 0x0000000100000000)
  region size 1024K, 1 young (1024K), 1 survivors (1024K)
 Metaspace       used 87432K, committed 88064K, reserved 1179648K
  class space    used 12110K, committed 12416K, reserved 1048576K
}
Event: 13.221 GC heap before
{Heap before GC invocations=36 (full 0):
 garbage-first heap   total 158720K, used 128966K [0x0000000080000000, 0x0000000100000000)
  region size 1024K, 40 young (40960K), 1 survivors (1024K)
 Metaspace       used 87903K, committed 88512K, reserved 1179648K
  class space    used 12151K, committed 12416K, reserved 1048576K
}
Event: 13.225 GC heap after
{Heap after GC invocations=37 (full 0):
 garbage-first heap   total 158720K, used 92068K [0x0000000080000000, 0x0000000100000000)
  region size 1024K, 3 young (3072K), 3 survivors (3072K)
 Metaspace       used 87903K, committed 88512K, reserved 1179648K
  class space    used 12151K, committed 12416K, reserved 1048576K
}
Event: 13.477 GC heap before
{Heap before GC invocations=37 (full 0):
 garbage-first heap   total 158720K, used 129956K [0x0000000080000000, 0x0000000100000000)
  region size 1024K, 41 young (41984K), 3 survivors (3072K)
 Metaspace       used 88043K, committed 88768K, reserved 1179648K
  class space    used 12155K, committed 12480K, reserved 1048576K
}
Event: 13.481 GC heap after
{Heap after GC invocations=38 (full 0):
 garbage-first heap   total 158720K, used 94397K [0x0000000080000000, 0x0000000100000000)
  region size 1024K, 6 young (6144K), 6 survivors (6144K)
 Metaspace       used 88043K, committed 88768K, reserved 1179648K
  class space    used 12155K, committed 12480K, reserved 1048576K
}
Event: 971.353 GC heap before
{Heap before GC invocations=38 (full 0):
 garbage-first heap   total 158720K, used 130237K [0x0000000080000000, 0x0000000100000000)
  region size 1024K, 42 young (43008K), 6 survivors (6144K)
 Metaspace       used 89204K, committed 89856K, reserved 1179648K
  class space    used 12287K, committed 12608K, reserved 1048576K
}
Event: 971.360 GC heap after
{Heap after GC invocations=39 (full 0):
 garbage-first heap   total 317440K, used 95178K [0x0000000080000000, 0x0000000100000000)
  region size 1024K, 4 young (4096K), 4 survivors (4096K)
 Metaspace       used 89204K, committed 89856K, reserved 1179648K
  class space    used 12287K, committed 12608K, reserved 1048576K
}
Event: 2284.075 GC heap before
{Heap before GC invocations=39 (full 0):
 garbage-first heap   total 317440K, used 282570K [0x0000000080000000, 0x0000000100000000)
  region size 1024K, 164 young (167936K), 4 survivors (4096K)
 Metaspace       used 95654K, committed 96384K, reserved 1179648K
  class space    used 12955K, committed 13312K, reserved 1048576K
}
Event: 2284.085 GC heap after
{Heap after GC invocations=40 (full 0):
 garbage-first heap   total 317440K, used 103552K [0x0000000080000000, 0x0000000100000000)
  region size 1024K, 12 young (12288K), 12 survivors (12288K)
 Metaspace       used 95654K, committed 96384K, reserved 1179648K
  class space    used 12955K, committed 13312K, reserved 1048576K
}
Event: 2286.439 GC heap before
{Heap before GC invocations=40 (full 0):
 garbage-first heap   total 317440K, used 241792K [0x0000000080000000, 0x0000000100000000)
  region size 1024K, 148 young (151552K), 12 survivors (12288K)
 Metaspace       used 103188K, committed 104000K, reserved 1179648K
  class space    used 13919K, committed 14336K, reserved 1048576K
}
Event: 2286.453 GC heap after
{Heap after GC invocations=41 (full 0):
 garbage-first heap   total 317440K, used 114029K [0x0000000080000000, 0x0000000100000000)
  region size 1024K, 19 young (19456K), 19 survivors (19456K)
 Metaspace       used 103188K, committed 104000K, reserved 1179648K
  class space    used 13919K, committed 14336K, reserved 1048576K
}
Event: 2288.139 GC heap before
{Heap before GC invocations=41 (full 0):
 garbage-first heap   total 317440K, used 251245K [0x0000000080000000, 0x0000000100000000)
  region size 1024K, 150 young (153600K), 19 survivors (19456K)
 Metaspace       used 115409K, committed 116224K, reserved 1179648K
  class space    used 15304K, committed 15744K, reserved 1048576K
}
Event: 2288.157 GC heap after
{Heap after GC invocations=42 (full 0):
 garbage-first heap   total 317440K, used 135063K [0x0000000080000000, 0x0000000100000000)
  region size 1024K, 19 young (19456K), 19 survivors (19456K)
 Metaspace       used 115409K, committed 116224K, reserved 1179648K
  class space    used 15304K, committed 15744K, reserved 1048576K
}
Event: 2289.187 GC heap before
{Heap before GC invocations=42 (full 0):
 garbage-first heap   total 317440K, used 250775K [0x0000000080000000, 0x0000000100000000)
  region size 1024K, 131 young (134144K), 19 survivors (19456K)
 Metaspace       used 125913K, committed 126720K, reserved 1179648K
  class space    used 17137K, committed 17536K, reserved 1048576K
}
Event: 2289.196 GC heap after
{Heap after GC invocations=43 (full 0):
 garbage-first heap   total 317440K, used 132607K [0x0000000080000000, 0x0000000100000000)
  region size 1024K, 12 young (12288K), 12 survivors (12288K)
 Metaspace       used 125913K, committed 126720K, reserved 1179648K
  class space    used 17137K, committed 17536K, reserved 1048576K
}
Event: 2289.897 GC heap before
{Heap before GC invocations=43 (full 0):
 garbage-first heap   total 317440K, used 248319K [0x0000000080000000, 0x0000000100000000)
  region size 1024K, 126 young (129024K), 12 survivors (12288K)
 Metaspace       used 134078K, committed 134976K, reserved 1179648K
  class space    used 18651K, committed 19072K, reserved 1048576K
}
Event: 2289.905 GC heap after
{Heap after GC invocations=44 (full 0):
 garbage-first heap   total 317440K, used 136338K [0x0000000080000000, 0x0000000100000000)
  region size 1024K, 5 young (5120K), 5 survivors (5120K)
 Metaspace       used 134078K, committed 134976K, reserved 1179648K
  class space    used 18651K, committed 19072K, reserved 1048576K
}

